<?xml version="1.0" encoding="UTF-8"?>
<testsuite name="dev.marcosfarias.pokedex.appium.NewsDetailScreenTest" tests="1" skipped="0" failures="1" errors="0" timestamp="2026-05-19T17:56:11" hostname="MacBook-Pro-de-Apple.local" time="0.004">
  <properties/>
  <testcase name="initializationError" classname="dev.marcosfarias.pokedex.appium.NewsDetailScreenTest" time="0.004">
    <failure message="org.openqa.selenium.NoSuchElementException: Can't locate an element by this strategy: By.chained({By.xpath: //androidx.recyclerview.widget.RecyclerView[@resource-id='recyclerViewNews']/android.widget.LinearLayout[1]})" type="org.openqa.selenium.NoSuchElementException">org.openqa.selenium.NoSuchElementException: Can't locate an element by this strategy: By.chained({By.xpath: //androidx.recyclerview.widget.RecyclerView[@resource-id='recyclerViewNews']/android.widget.LinearLayout[1]})
	at app//io.appium.java_client.pagefactory.AppiumElementLocator.findElement(AppiumElementLocator.java:166)
	at app//io.appium.java_client.pagefactory.interceptors.InterceptorOfASingleElement.call(InterceptorOfASingleElement.java:75)
	at app//io.appium.java_client.proxy.Interceptor.intercept(Interceptor.java:78)
	at org.openqa.selenium.remote.RemoteWebElement$ByteBuddy$tnhcr9Rt.click(Unknown Source)
	at app//dev.marcosfarias.pokedex.appium.pages.HomePage.clickFirstNewsItem(HomePage.kt:93)
	at app//dev.marcosfarias.pokedex.appium.NewsDetailScreenTest.setUp(NewsDetailScreenTest.kt:24)
	at java.base@17.0.10/java.lang.reflect.Method.invoke(Method.java:568)
	at java.base@17.0.10/java.util.ArrayList.forEach(ArrayList.java:1511)
Caused by: org.openqa.selenium.TimeoutException: Expected condition failed: waiting for io.appium.java_client.pagefactory.AppiumElementLocator$WaitingFunction@404cc16a (tried for 15 second(s) with 500 milliseconds interval)
	at app//org.openqa.selenium.support.ui.FluentWait.timeoutException(FluentWait.java:265)
	at app//org.openqa.selenium.support.ui.FluentWait.until(FluentWait.java:228)
	at app//io.appium.java_client.pagefactory.AppiumElementLocator.waitFor(AppiumElementLocator.java:135)
	at app//io.appium.java_client.pagefactory.AppiumElementLocator.findElement(AppiumElementLocator.java:160)
	... 7 more
Caused by: org.openqa.selenium.NoSuchElementException: Cannot locate an element using By.chained({By.xpath: //androidx.recyclerview.widget.RecyclerView[@resource-id='recyclerViewNews']/android.widget.LinearLayout[1]})
For documentation on this error, please visit: https://www.selenium.dev/documentation/webdriver/troubleshooting/errors#no-such-element-exception
Build info: version: '4.27.0', revision: 'd6e718d134'
System info: os.name: 'Mac OS X', os.arch: 'aarch64', os.version: '26.2', java.version: '17.0.10'
Driver info: driver.version: RemoteWebDriver
	at app//io.appium.java_client.pagefactory.bys.builder.ByChained.findElement(ByChained.java:74)
	at app//org.openqa.selenium.remote.ElementLocation$ElementFinder$1.findElement(ElementLocation.java:139)
	at app//org.openqa.selenium.remote.ElementLocation.findElement(ElementLocation.java:59)
	at app//org.openqa.selenium.remote.RemoteWebDriver.findElement(RemoteWebDriver.java:368)
	at app//org.openqa.selenium.remote.RemoteWebDriver.findElement(RemoteWebDriver.java:362)
	at app//io.appium.java_client.pagefactory.bys.ContentMappedBy.findElement(ContentMappedBy.java:53)
	at app//org.openqa.selenium.remote.ElementLocation$ElementFinder$1.findElement(ElementLocation.java:139)
	at app//org.openqa.selenium.remote.ElementLocation.findElement(ElementLocation.java:59)
	at app//org.openqa.selenium.remote.RemoteWebDriver.findElement(RemoteWebDriver.java:368)
	at app//org.openqa.selenium.remote.RemoteWebDriver.findElement(RemoteWebDriver.java:362)
	at app//io.appium.java_client.pagefactory.AppiumElementLocator.lambda$findElement$1(AppiumElementLocator.java:160)
	at app//io.appium.java_client.pagefactory.AppiumElementLocator$WaitingFunction.apply(AppiumElementLocator.java:217)
	at app//io.appium.java_client.pagefactory.AppiumElementLocator$WaitingFunction.apply(AppiumElementLocator.java:210)
	at app//org.openqa.selenium.support.ui.FluentWait.until(FluentWait.java:203)
	... 9 more
</failure>
  </testcase>
  <system-out><![CDATA[]]></system-out>
  <system-err><![CDATA[]]></system-err>
</testsuite>
